Performing C++ SOURCE FILE Test HAVE_BOOST_BYTESWAP failed with the following output:
Change Dir: /home/ilya/Desktop/utag/build/CMakeFiles/CMakeTmp

Run Build Command:"/usr/bin/make" "cmTC_3357a/fast"
/usr/bin/make -f CMakeFiles/cmTC_3357a.dir/build.make CMakeFiles/cmTC_3357a.dir/build
make[1]: Entering directory '/home/ilya/Desktop/utag/build/CMakeFiles/CMakeTmp'
Building CXX object CMakeFiles/cmTC_3357a.dir/src.cxx.o
/usr/bin/c++    -Wall -DHAVE_BOOST_BYTESWAP   -o CMakeFiles/cmTC_3357a.dir/src.cxx.o -c /home/ilya/Desktop/utag/build/CMakeFiles/CMakeTmp/src.cxx
/home/ilya/Desktop/utag/build/CMakeFiles/CMakeTmp/src.cxx:2:12: fatal error: boost/endian/conversion.hpp: No such file or directory
    2 |   #include <boost/endian/conversion.hpp>
      |            ^~~~~~~~~~~~~~~~~~~~~~~~~~~~~
compilation terminated.
make[1]: *** [CMakeFiles/cmTC_3357a.dir/build.make:66: CMakeFiles/cmTC_3357a.dir/src.cxx.o] Error 1
make[1]: Leaving directory '/home/ilya/Desktop/utag/build/CMakeFiles/CMakeTmp'
make: *** [Makefile:121: cmTC_3357a/fast] Error 2

Source file was:

  #include <boost/endian/conversion.hpp>
  int main() {
    boost::endian::endian_reverse(static_cast<uint16_t>(1));
    boost::endian::endian_reverse(static_cast<uint32_t>(1));
    boost::endian::endian_reverse(static_cast<uint64_t>(1));
    return 0;
  }

Performing C++ SOURCE FILE Test HAVE_ISO_STRDUP failed with the following output:
Change Dir: /home/ilya/Desktop/utag/build/CMakeFiles/CMakeTmp

Run Build Command:"/usr/bin/make" "cmTC_a6f04/fast"
/usr/bin/make -f CMakeFiles/cmTC_a6f04.dir/build.make CMakeFiles/cmTC_a6f04.dir/build
make[1]: Entering directory '/home/ilya/Desktop/utag/build/CMakeFiles/CMakeTmp'
Building CXX object CMakeFiles/cmTC_a6f04.dir/src.cxx.o
/usr/bin/c++    -Wall -DHAVE_ISO_STRDUP   -o CMakeFiles/cmTC_a6f04.dir/src.cxx.o -c /home/ilya/Desktop/utag/build/CMakeFiles/CMakeTmp/src.cxx
/home/ilya/Desktop/utag/build/CMakeFiles/CMakeTmp/src.cxx: In function ‘int main()’:
/home/ilya/Desktop/utag/build/CMakeFiles/CMakeTmp/src.cxx:4:5: error: ‘_strdup’ was not declared in this scope; did you mean ‘strdup’?
    4 |     _strdup(0);
      |     ^~~~~~~
      |     strdup
make[1]: *** [CMakeFiles/cmTC_a6f04.dir/build.make:66: CMakeFiles/cmTC_a6f04.dir/src.cxx.o] Error 1
make[1]: Leaving directory '/home/ilya/Desktop/utag/build/CMakeFiles/CMakeTmp'
make: *** [Makefile:121: cmTC_a6f04/fast] Error 2

Source file was:

  #include <cstring>
  int main() {
    _strdup(0);
    return 0;
  }

Determining if the function __RTTI___ exists in the Crun failed with the following output:
Change Dir: /home/ilya/Desktop/utag/build/CMakeFiles/CMakeTmp

Run Build Command:"/usr/bin/make" "cmTC_76b59/fast"
/usr/bin/make -f CMakeFiles/cmTC_76b59.dir/build.make CMakeFiles/cmTC_76b59.dir/build
make[1]: Entering directory '/home/ilya/Desktop/utag/build/CMakeFiles/CMakeTmp'
Building C object CMakeFiles/cmTC_76b59.dir/CheckFunctionExists.c.o
/usr/bin/cc   -Wall -DCHECK_FUNCTION_EXISTS=__RTTI___   -o CMakeFiles/cmTC_76b59.dir/CheckFunctionExists.c.o   -c /usr/share/cmake-3.13/Modules/CheckFunctionExists.c
Linking C executable cmTC_76b59
/usr/bin/cmake -E cmake_link_script CMakeFiles/cmTC_76b59.dir/link.txt --verbose=1
/usr/bin/cc  -Wall -DCHECK_FUNCTION_EXISTS=__RTTI___    -rdynamic CMakeFiles/cmTC_76b59.dir/CheckFunctionExists.c.o  -o cmTC_76b59 -lCrun 
/usr/bin/ld: cannot find -lCrun
collect2: error: ld returned 1 exit status
make[1]: *** [CMakeFiles/cmTC_76b59.dir/build.make:87: cmTC_76b59] Error 1
make[1]: Leaving directory '/home/ilya/Desktop/utag/build/CMakeFiles/CMakeTmp'
make: *** [Makefile:121: cmTC_76b59/fast] Error 2


